[debug] [2025-07-14T01:51:31.537Z] ----------------------------------------------------------------------
[debug] [2025-07-14T01:51:31.542Z] Command:       /opt/homebrew/Cellar/node/24.3.0/bin/node /opt/homebrew/bin/firebase init
[debug] [2025-07-14T01:51:31.542Z] CLI Version:   14.10.1
[debug] [2025-07-14T01:51:31.542Z] Platform:      darwin
[debug] [2025-07-14T01:51:31.542Z] Node Version:  v24.3.0
[debug] [2025-07-14T01:51:31.542Z] Time:          Mon Jul 14 2025 10:51:31 GMT+0900 (대한민국 표준시)
[debug] [2025-07-14T01:51:31.542Z] ----------------------------------------------------------------------
[debug] 
[debug] [2025-07-14T01:51:31.545Z] > command requires scopes: ["email","openid","https://www.googleapis.com/auth/cloudplatformprojects.readonly","https://www.googleapis.com/auth/firebase","https://www.googleapis.com/auth/cloud-platform"]
[debug] [2025-07-14T01:51:31.545Z] > authorizing via signed-in user (kimdohin@gmail.com)
[info] 
     ######## #### ########  ######## ########     ###     ######  ########
     ##        ##  ##     ## ##       ##     ##  ##   ##  ##       ##
     ######    ##  ########  ######   ########  #########  ######  ######
     ##        ##  ##    ##  ##       ##     ## ##     ##       ## ##
     ##       #### ##     ## ######## ########  ##     ##  ######  ########

You're about to initialize a Firebase project in this directory:

  /Users/kimdohun/Desktop/WorkSpace/deepdive/workspace_goorm/HTML_CSS/tailwindCSS

[info] 
=== Project Setup
[info] 
[info] First, let's associate this project directory with a Firebase project.
[info] You can create multiple project aliases by running firebase use --add, 
[info] but for now we'll just set up a default project.
[info] 
[debug] [2025-07-14T01:53:04.346Z] ExitPromptError: User force closed the prompt with SIGINT
    at Interface.sigint (/opt/homebrew/lib/node_modules/firebase-tools/node_modules/@inquirer/core/dist/commonjs/lib/create-prompt.js:101:37)
    at Interface.emit (node:events:507:28)
    at Interface.emit (node:domain:489:12)
    at [_ttyWrite] [as _ttyWrite] (node:internal/readline/interface:1315:18)
    at ReadStream.onkeypress (node:internal/readline/interface:284:20)
    at ReadStream.emit (node:events:519:35)
    at ReadStream.emit (node:domain:489:12)
    at emitKeys (node:internal/readline/utils:371:14)
    at emitKeys.next (<anonymous>)
    at ReadStream.onData (node:internal/readline/emitKeypressEvents:64:36)
[error] 
[error] Error: An unexpected error has occurred.
